{"C:\\Users\\heage\\OneDrive\\Projects\\App\\CashCage\\frontend\\services\\gameService.ts": {"path":"C:\\Users\\heage\\OneDrive\\Projects\\App\\CashCage\\frontend\\services\\gameService.ts","statementMap":{"0":{"start":{"line":16,"column":49},"end":{"line":16,"column":58}},"1":{"start":{"line":18,"column":4},"end":{"line":26,"column":7}},"2":{"start":{"line":19,"column":6},"end":{"line":25,"column":9}},"3":{"start":{"line":28,"column":4},"end":{"line":39,"column":7}},"4":{"start":{"line":29,"column":22},"end":{"line":29,"column":56}},"5":{"start":{"line":30,"column":6},"end":{"line":38,"column":7}},"6":{"start":{"line":31,"column":8},"end":{"line":37,"column":9}},"7":{"start":{"line":32,"column":10},"end":{"line":32,"column":52}},"8":{"start":{"line":33,"column":10},"end":{"line":33,"column":51}},"9":{"start":{"line":35,"column":10},"end":{"line":35,"column":54}},"10":{"start":{"line":36,"column":10},"end":{"line":36,"column":51}},"11":{"start":{"line":41,"column":4},"end":{"line":41,"column":41}},"12":{"start":{"line":45,"column":21},"end":{"line":45,"column":49}},"13":{"start":{"line":46,"column":24},"end":{"line":46,"column":61}},"14":{"start":{"line":47,"column":21},"end":{"line":47,"column":72}},"15":{"start":{"line":47,"column":49},"end":{"line":47,"column":68}},"16":{"start":{"line":48,"column":43},"end":{"line":52,"column":5}},"17":{"start":{"line":54,"column":4},"end":{"line":60,"column":6}},"18":{"start":{"line":69,"column":37},"end":{"line":75,"column":5}},"19":{"start":{"line":77,"column":4},"end":{"line":77,"column":40}},"20":{"start":{"line":78,"column":4},"end":{"line":78,"column":23}},"21":{"start":{"line":88,"column":4},"end":{"line":90,"column":5}},"22":{"start":{"line":89,"column":6},"end":{"line":89,"column":38}},"23":{"start":{"line":92,"column":33},"end":{"line":94,"column":5}},"24":{"start":{"line":93,"column":21},"end":{"line":93,"column":86}},"25":{"start":{"line":96,"column":4},"end":{"line":96,"column":33}},"26":{"start":{"line":97,"column":4},"end":{"line":97,"column":52}},"27":{"start":{"line":99,"column":4},"end":{"line":101,"column":5}},"28":{"start":{"line":100,"column":6},"end":{"line":100,"column":18}},"29":{"start":{"line":103,"column":37},"end":{"line":109,"column":5}},"30":{"start":{"line":111,"column":4},"end":{"line":111,"column":40}},"31":{"start":{"line":112,"column":4},"end":{"line":112,"column":23}},"32":{"start":{"line":116,"column":27},"end":{"line":121,"column":5}},"33":{"start":{"line":123,"column":4},"end":{"line":123,"column":30}},"34":{"start":{"line":124,"column":4},"end":{"line":124,"column":18}},"35":{"start":{"line":129,"column":4},"end":{"line":131,"column":5}},"36":{"start":{"line":130,"column":6},"end":{"line":130,"column":38}},"37":{"start":{"line":134,"column":4},"end":{"line":134,"column":73}},"38":{"start":{"line":134,"column":49},"end":{"line":134,"column":71}},"39":{"start":{"line":137,"column":4},"end":{"line":139,"column":6}},"40":{"start":{"line":138,"column":21},"end":{"line":138,"column":54}},"41":{"start":{"line":148,"column":4},"end":{"line":150,"column":5}},"42":{"start":{"line":149,"column":6},"end":{"line":149,"column":38}},"43":{"start":{"line":152,"column":19},"end":{"line":152,"column":60}},"44":{"start":{"line":152,"column":42},"end":{"line":152,"column":59}},"45":{"start":{"line":153,"column":4},"end":{"line":155,"column":5}},"46":{"start":{"line":154,"column":6},"end":{"line":154,"column":38}},"47":{"start":{"line":164,"column":4},"end":{"line":166,"column":5}},"48":{"start":{"line":165,"column":6},"end":{"line":165,"column":38}},"49":{"start":{"line":168,"column":19},"end":{"line":168,"column":60}},"50":{"start":{"line":168,"column":42},"end":{"line":168,"column":59}},"51":{"start":{"line":169,"column":4},"end":{"line":171,"column":5}},"52":{"start":{"line":170,"column":6},"end":{"line":170,"column":37}},"53":{"start":{"line":180,"column":18},"end":{"line":180,"column":64}},"54":{"start":{"line":180,"column":46},"end":{"line":180,"column":63}},"55":{"start":{"line":181,"column":4},"end":{"line":183,"column":5}},"56":{"start":{"line":182,"column":6},"end":{"line":182,"column":70}},"57":{"start":{"line":187,"column":4},"end":{"line":187,"column":41}},"58":{"start":{"line":191,"column":4},"end":{"line":191,"column":30}},"59":{"start":{"line":192,"column":4},"end":{"line":192,"column":34}},"60":{"start":{"line":196,"column":4},"end":{"line":204,"column":6}},"61":{"start":{"line":212,"column":4},"end":{"line":212,"column":46}},"62":{"start":{"line":213,"column":4},"end":{"line":213,"column":63}},"63":{"start":{"line":221,"column":4},"end":{"line":223,"column":5}},"64":{"start":{"line":222,"column":6},"end":{"line":222,"column":18}},"65":{"start":{"line":225,"column":24},"end":{"line":225,"column":59}},"66":{"start":{"line":226,"column":4},"end":{"line":229,"column":5}},"67":{"start":{"line":227,"column":6},"end":{"line":227,"column":82}},"68":{"start":{"line":228,"column":6},"end":{"line":228,"column":18}},"69":{"start":{"line":231,"column":4},"end":{"line":231,"column":34}},"70":{"start":{"line":238,"column":4},"end":{"line":238,"column":39}},"71":{"start":{"line":239,"column":4},"end":{"line":239,"column":37}}},"fnMap":{"0":{"name":"(anonymous_0)","decl":{"start":{"line":15,"column":2},"end":{"line":15,"column":3}},"loc":{"start":{"line":15,"column":56},"end":{"line":42,"column":3}},"line":15},"1":{"name":"(anonymous_1)","decl":{"start":{"line":18,"column":25},"end":{"line":18,"column":26}},"loc":{"start":{"line":18,"column":35},"end":{"line":26,"column":5}},"line":18},"2":{"name":"(anonymous_2)","decl":{"start":{"line":28,"column":30},"end":{"line":28,"column":31}},"loc":{"start":{"line":28,"column":45},"end":{"line":39,"column":5}},"line":28},"3":{"name":"(anonymous_3)","decl":{"start":{"line":44,"column":2},"end":{"line":44,"column":3}},"loc":{"start":{"line":44,"column":54},"end":{"line":61,"column":3}},"line":44},"4":{"name":"(anonymous_4)","decl":{"start":{"line":47,"column":37},"end":{"line":47,"column":38}},"loc":{"start":{"line":47,"column":49},"end":{"line":47,"column":68}},"line":47},"5":{"name":"(anonymous_5)","decl":{"start":{"line":63,"column":2},"end":{"line":63,"column":3}},"loc":{"start":{"line":68,"column":17},"end":{"line":79,"column":3}},"line":68},"6":{"name":"(anonymous_6)","decl":{"start":{"line":81,"column":2},"end":{"line":81,"column":3}},"loc":{"start":{"line":86,"column":24},"end":{"line":113,"column":3}},"line":86},"7":{"name":"(anonymous_7)","decl":{"start":{"line":93,"column":6},"end":{"line":93,"column":7}},"loc":{"start":{"line":93,"column":21},"end":{"line":93,"column":86}},"line":93},"8":{"name":"(anonymous_8)","decl":{"start":{"line":115,"column":2},"end":{"line":115,"column":3}},"loc":{"start":{"line":115,"column":53},"end":{"line":125,"column":3}},"line":115},"9":{"name":"(anonymous_9)","decl":{"start":{"line":127,"column":2},"end":{"line":127,"column":3}},"loc":{"start":{"line":127,"column":58},"end":{"line":140,"column":3}},"line":127},"10":{"name":"(anonymous_10)","decl":{"start":{"line":134,"column":39},"end":{"line":134,"column":40}},"loc":{"start":{"line":134,"column":49},"end":{"line":134,"column":71}},"line":134},"11":{"name":"(anonymous_11)","decl":{"start":{"line":138,"column":6},"end":{"line":138,"column":7}},"loc":{"start":{"line":138,"column":21},"end":{"line":138,"column":54}},"line":138},"12":{"name":"(anonymous_12)","decl":{"start":{"line":146,"column":2},"end":{"line":146,"column":3}},"loc":{"start":{"line":146,"column":67},"end":{"line":156,"column":3}},"line":146},"13":{"name":"(anonymous_13)","decl":{"start":{"line":152,"column":37},"end":{"line":152,"column":38}},"loc":{"start":{"line":152,"column":42},"end":{"line":152,"column":59}},"line":152},"14":{"name":"(anonymous_14)","decl":{"start":{"line":162,"column":2},"end":{"line":162,"column":3}},"loc":{"start":{"line":162,"column":64},"end":{"line":172,"column":3}},"line":162},"15":{"name":"(anonymous_15)","decl":{"start":{"line":168,"column":37},"end":{"line":168,"column":38}},"loc":{"start":{"line":168,"column":42},"end":{"line":168,"column":59}},"line":168},"16":{"name":"(anonymous_16)","decl":{"start":{"line":179,"column":2},"end":{"line":179,"column":3}},"loc":{"start":{"line":179,"column":75},"end":{"line":184,"column":3}},"line":179},"17":{"name":"(anonymous_17)","decl":{"start":{"line":180,"column":41},"end":{"line":180,"column":42}},"loc":{"start":{"line":180,"column":46},"end":{"line":180,"column":63}},"line":180},"18":{"name":"(anonymous_18)","decl":{"start":{"line":186,"column":2},"end":{"line":186,"column":3}},"loc":{"start":{"line":186,"column":61},"end":{"line":188,"column":3}},"line":186},"19":{"name":"(anonymous_19)","decl":{"start":{"line":190,"column":2},"end":{"line":190,"column":3}},"loc":{"start":{"line":190,"column":40},"end":{"line":193,"column":3}},"line":190},"20":{"name":"(anonymous_20)","decl":{"start":{"line":195,"column":2},"end":{"line":195,"column":3}},"loc":{"start":{"line":195,"column":40},"end":{"line":205,"column":3}},"line":195},"21":{"name":"(anonymous_21)","decl":{"start":{"line":211,"column":2},"end":{"line":211,"column":3}},"loc":{"start":{"line":211,"column":80},"end":{"line":214,"column":3}},"line":211},"22":{"name":"(anonymous_22)","decl":{"start":{"line":220,"column":2},"end":{"line":220,"column":3}},"loc":{"start":{"line":220,"column":67},"end":{"line":232,"column":3}},"line":220},"23":{"name":"(anonymous_23)","decl":{"start":{"line":237,"column":2},"end":{"line":237,"column":3}},"loc":{"start":{"line":237,"column":48},"end":{"line":240,"column":3}},"line":237}},"branchMap":{"0":{"loc":{"start":{"line":30,"column":6},"end":{"line":38,"column":7}},"type":"if","locations":[{"start":{"line":30,"column":6},"end":{"line":38,"column":7}},{"start":{},"end":{}}],"line":30},"1":{"loc":{"start":{"line":31,"column":8},"end":{"line":37,"column":9}},"type":"if","locations":[{"start":{"line":31,"column":8},"end":{"line":37,"column":9}},{"start":{"line":34,"column":15},"end":{"line":37,"column":9}}],"line":31},"2":{"loc":{"start":{"line":88,"column":4},"end":{"line":90,"column":5}},"type":"if","locations":[{"start":{"line":88,"column":4},"end":{"line":90,"column":5}},{"start":{},"end":{}}],"line":88},"3":{"loc":{"start":{"line":93,"column":23},"end":{"line":93,"column":85}},"type":"binary-expr","locations":[{"start":{"line":93,"column":23},"end":{"line":93,"column":56}},{"start":{"line":93,"column":60},"end":{"line":93,"column":85}}],"line":93},"4":{"loc":{"start":{"line":99,"column":4},"end":{"line":101,"column":5}},"type":"if","locations":[{"start":{"line":99,"column":4},"end":{"line":101,"column":5}},{"start":{},"end":{}}],"line":99},"5":{"loc":{"start":{"line":129,"column":4},"end":{"line":131,"column":5}},"type":"if","locations":[{"start":{"line":129,"column":4},"end":{"line":131,"column":5}},{"start":{},"end":{}}],"line":129},"6":{"loc":{"start":{"line":148,"column":4},"end":{"line":150,"column":5}},"type":"if","locations":[{"start":{"line":148,"column":4},"end":{"line":150,"column":5}},{"start":{},"end":{}}],"line":148},"7":{"loc":{"start":{"line":153,"column":4},"end":{"line":155,"column":5}},"type":"if","locations":[{"start":{"line":153,"column":4},"end":{"line":155,"column":5}},{"start":{},"end":{}}],"line":153},"8":{"loc":{"start":{"line":164,"column":4},"end":{"line":166,"column":5}},"type":"if","locations":[{"start":{"line":164,"column":4},"end":{"line":166,"column":5}},{"start":{},"end":{}}],"line":164},"9":{"loc":{"start":{"line":169,"column":4},"end":{"line":171,"column":5}},"type":"if","locations":[{"start":{"line":169,"column":4},"end":{"line":171,"column":5}},{"start":{},"end":{}}],"line":169},"10":{"loc":{"start":{"line":181,"column":4},"end":{"line":183,"column":5}},"type":"if","locations":[{"start":{"line":181,"column":4},"end":{"line":183,"column":5}},{"start":{},"end":{}}],"line":181},"11":{"loc":{"start":{"line":221,"column":4},"end":{"line":223,"column":5}},"type":"if","locations":[{"start":{"line":221,"column":4},"end":{"line":223,"column":5}},{"start":{},"end":{}}],"line":221},"12":{"loc":{"start":{"line":221,"column":8},"end":{"line":221,"column":56}},"type":"binary-expr","locations":[{"start":{"line":221,"column":8},"end":{"line":221,"column":31}},{"start":{"line":221,"column":35},"end":{"line":221,"column":56}}],"line":221},"13":{"loc":{"start":{"line":226,"column":4},"end":{"line":229,"column":5}},"type":"if","locations":[{"start":{"line":226,"column":4},"end":{"line":229,"column":5}},{"start":{},"end":{}}],"line":226}},"s":{"0":6,"1":6,"2":8,"3":6,"4":12,"5":12,"6":11,"7":6,"8":6,"9":5,"10":5,"11":6,"12":1,"13":1,"14":1,"15":2,"16":1,"17":1,"18":21,"19":21,"20":21,"21":5,"22":1,"23":5,"24":5,"25":5,"26":5,"27":5,"28":2,"29":3,"30":3,"31":3,"32":33,"33":33,"34":33,"35":4,"36":1,"37":4,"38":5,"39":4,"40":2,"41":4,"42":1,"43":4,"44":4,"45":4,"46":3,"47":2,"48":1,"49":2,"50":2,"51":2,"52":2,"53":3,"54":3,"55":3,"56":2,"57":1,"58":2,"59":2,"60":5,"61":2,"62":2,"63":4,"64":2,"65":2,"66":2,"67":1,"68":1,"69":1,"70":5,"71":5},"f":{"0":6,"1":8,"2":12,"3":1,"4":2,"5":21,"6":5,"7":5,"8":33,"9":4,"10":5,"11":2,"12":4,"13":4,"14":2,"15":2,"16":3,"17":3,"18":1,"19":2,"20":5,"21":2,"22":4,"23":5},"b":{"0":[11,1],"1":[6,5],"2":[1,4],"3":[5,4],"4":[2,3],"5":[1,3],"6":[1,3],"7":[3,1],"8":[1,1],"9":[2,0],"10":[2,1],"11":[2,2],"12":[4,3],"13":[1,1]},"_coverageSchema":"1a1c01bbd47fc00a2c39e90264f33305004495a9","hash":"565c25d4eb7be275170747a2ea6db8bc47e783c5"}
,"C:\\Users\\heage\\OneDrive\\Projects\\App\\CashCage\\frontend\\services\\settlementService.ts": {"path":"C:\\Users\\heage\\OneDrive\\Projects\\App\\CashCage\\frontend\\services\\settlementService.ts","statementMap":{"0":{"start":{"line":9,"column":27},"end":{"line":9,"column":32}},"1":{"start":{"line":10,"column":33},"end":{"line":10,"column":55}},"2":{"start":{"line":34,"column":36},"end":{"line":34,"column":38}},"3":{"start":{"line":36,"column":22},"end":{"line":38,"column":40}},"4":{"start":{"line":36,"column":43},"end":{"line":36,"column":59}},"5":{"start":{"line":37,"column":15},"end":{"line":37,"column":69}},"6":{"start":{"line":38,"column":20},"end":{"line":38,"column":39}},"7":{"start":{"line":40,"column":24},"end":{"line":42,"column":40}},"8":{"start":{"line":40,"column":45},"end":{"line":40,"column":61}},"9":{"start":{"line":41,"column":15},"end":{"line":41,"column":59}},"10":{"start":{"line":42,"column":20},"end":{"line":42,"column":39}},"11":{"start":{"line":44,"column":20},"end":{"line":44,"column":21}},"12":{"start":{"line":45,"column":22},"end":{"line":45,"column":23}},"13":{"start":{"line":47,"column":2},"end":{"line":68,"column":3}},"14":{"start":{"line":48,"column":19},"end":{"line":48,"column":43}},"15":{"start":{"line":49,"column":21},"end":{"line":49,"column":49}},"16":{"start":{"line":51,"column":29},"end":{"line":51,"column":69}},"17":{"start":{"line":53,"column":4},"end":{"line":57,"column":7}},"18":{"start":{"line":59,"column":4},"end":{"line":59,"column":38}},"19":{"start":{"line":60,"column":4},"end":{"line":60,"column":40}},"20":{"start":{"line":62,"column":4},"end":{"line":64,"column":5}},"21":{"start":{"line":63,"column":6},"end":{"line":63,"column":20}},"22":{"start":{"line":65,"column":4},"end":{"line":67,"column":5}},"23":{"start":{"line":66,"column":6},"end":{"line":66,"column":22}},"24":{"start":{"line":70,"column":2},"end":{"line":70,"column":21}},"25":{"start":{"line":73,"column":27},"end":{"line":73,"column":45}},"26":{"start":{"line":74,"column":36},"end":{"line":74,"column":52}},"27":{"start":{"line":80,"column":2},"end":{"line":86,"column":4}},"28":{"start":{"line":90,"column":2},"end":{"line":92,"column":3}},"29":{"start":{"line":91,"column":4},"end":{"line":91,"column":26}},"30":{"start":{"line":94,"column":18},"end":{"line":94,"column":54}},"31":{"start":{"line":95,"column":2},"end":{"line":97,"column":3}},"32":{"start":{"line":96,"column":4},"end":{"line":96,"column":21}},"33":{"start":{"line":99,"column":2},"end":{"line":99,"column":68}},"34":{"start":{"line":105,"column":2},"end":{"line":107,"column":3}},"35":{"start":{"line":106,"column":4},"end":{"line":106,"column":21}},"36":{"start":{"line":109,"column":18},"end":{"line":111,"column":3}},"37":{"start":{"line":110,"column":4},"end":{"line":110,"column":55}},"38":{"start":{"line":113,"column":2},"end":{"line":115,"column":3}},"39":{"start":{"line":114,"column":4},"end":{"line":114,"column":21}},"40":{"start":{"line":117,"column":2},"end":{"line":117,"column":66}},"41":{"start":{"line":121,"column":2},"end":{"line":134,"column":50}},"42":{"start":{"line":124,"column":8},"end":{"line":127,"column":76}},"43":{"start":{"line":129,"column":18},"end":{"line":133,"column":5}},"44":{"start":{"line":134,"column":20},"end":{"line":134,"column":48}},"45":{"start":{"line":138,"column":2},"end":{"line":143,"column":6}},"46":{"start":{"line":138,"column":34},"end":{"line":143,"column":3}},"47":{"start":{"line":156,"column":25},"end":{"line":156,"column":71}},"48":{"start":{"line":158,"column":2},"end":{"line":160,"column":3}},"49":{"start":{"line":159,"column":4},"end":{"line":159,"column":65}},"50":{"start":{"line":162,"column":19},"end":{"line":162,"column":52}},"51":{"start":{"line":163,"column":2},"end":{"line":165,"column":3}},"52":{"start":{"line":164,"column":4},"end":{"line":164,"column":69}},"53":{"start":{"line":167,"column":21},"end":{"line":167,"column":66}},"54":{"start":{"line":168,"column":17},"end":{"line":168,"column":53}},"55":{"start":{"line":169,"column":20},"end":{"line":169,"column":59}},"56":{"start":{"line":170,"column":20},"end":{"line":170,"column":92}},"57":{"start":{"line":170,"column":50},"end":{"line":170,"column":68}},"58":{"start":{"line":172,"column":2},"end":{"line":216,"column":3}},"59":{"start":{"line":173,"column":21},"end":{"line":183,"column":6}},"60":{"start":{"line":185,"column":4},"end":{"line":187,"column":5}},"61":{"start":{"line":186,"column":6},"end":{"line":186,"column":73}},"62":{"start":{"line":189,"column":20},"end":{"line":189,"column":68}},"63":{"start":{"line":191,"column":4},"end":{"line":193,"column":5}},"64":{"start":{"line":192,"column":6},"end":{"line":192,"column":61}},"65":{"start":{"line":195,"column":23},"end":{"line":195,"column":64}},"66":{"start":{"line":196,"column":4},"end":{"line":198,"column":5}},"67":{"start":{"line":197,"column":6},"end":{"line":197,"column":67}},"68":{"start":{"line":200,"column":4},"end":{"line":207,"column":33}},"69":{"start":{"line":209,"column":4},"end":{"line":209,"column":71}},"70":{"start":{"line":210,"column":20},"end":{"line":210,"column":76}},"71":{"start":{"line":211,"column":4},"end":{"line":211,"column":58}},"72":{"start":{"line":213,"column":4},"end":{"line":215,"column":5}},"73":{"start":{"line":214,"column":6},"end":{"line":214,"column":30}},"74":{"start":{"line":220,"column":20},"end":{"line":220,"column":24}},"75":{"start":{"line":221,"column":34},"end":{"line":228,"column":3}},"76":{"start":{"line":230,"column":32},"end":{"line":230,"column":98}},"77":{"start":{"line":230,"column":53},"end":{"line":230,"column":97}},"78":{"start":{"line":231,"column":2},"end":{"line":238,"column":3}},"79":{"start":{"line":232,"column":4},"end":{"line":232,"column":75}},"80":{"start":{"line":233,"column":4},"end":{"line":233,"column":22}},"81":{"start":{"line":234,"column":9},"end":{"line":238,"column":3}},"82":{"start":{"line":235,"column":4},"end":{"line":236,"column":47}},"83":{"start":{"line":235,"column":87},"end":{"line":235,"column":99}},"84":{"start":{"line":237,"column":4},"end":{"line":237,"column":22}},"85":{"start":{"line":240,"column":2},"end":{"line":240,"column":79}},"86":{"start":{"line":240,"column":55},"end":{"line":240,"column":74}},"87":{"start":{"line":241,"column":2},"end":{"line":241,"column":83}},"88":{"start":{"line":241,"column":57},"end":{"line":241,"column":78}},"89":{"start":{"line":242,"column":2},"end":{"line":242,"column":89}},"90":{"start":{"line":244,"column":2},"end":{"line":250,"column":3}},"91":{"start":{"line":245,"column":4},"end":{"line":249,"column":6}},"92":{"start":{"line":252,"column":2},"end":{"line":254,"column":3}},"93":{"start":{"line":253,"column":4},"end":{"line":253,"column":30}},"94":{"start":{"line":256,"column":2},"end":{"line":256,"column":20}}},"fnMap":{"0":{"name":"calculateOptimalSettlements","decl":{"start":{"line":33,"column":16},"end":{"line":33,"column":43}},"loc":{"start":{"line":33,"column":85},"end":{"line":71,"column":1}},"line":33},"1":{"name":"(anonymous_1)","decl":{"start":{"line":36,"column":38},"end":{"line":36,"column":39}},"loc":{"start":{"line":36,"column":43},"end":{"line":36,"column":59}},"line":36},"2":{"name":"(anonymous_2)","decl":{"start":{"line":37,"column":9},"end":{"line":37,"column":10}},"loc":{"start":{"line":37,"column":15},"end":{"line":37,"column":69}},"line":37},"3":{"name":"(anonymous_3)","decl":{"start":{"line":38,"column":10},"end":{"line":38,"column":11}},"loc":{"start":{"line":38,"column":20},"end":{"line":38,"column":39}},"line":38},"4":{"name":"(anonymous_4)","decl":{"start":{"line":40,"column":40},"end":{"line":40,"column":41}},"loc":{"start":{"line":40,"column":45},"end":{"line":40,"column":61}},"line":40},"5":{"name":"(anonymous_5)","decl":{"start":{"line":41,"column":9},"end":{"line":41,"column":10}},"loc":{"start":{"line":41,"column":15},"end":{"line":41,"column":59}},"line":41},"6":{"name":"(anonymous_6)","decl":{"start":{"line":42,"column":10},"end":{"line":42,"column":11}},"loc":{"start":{"line":42,"column":20},"end":{"line":42,"column":39}},"line":42},"7":{"name":"createLocalSettlementResult","decl":{"start":{"line":76,"column":9},"end":{"line":76,"column":36}},"loc":{"start":{"line":79,"column":20},"end":{"line":87,"column":1}},"line":79},"8":{"name":"resolveEndpoint","decl":{"start":{"line":89,"column":9},"end":{"line":89,"column":24}},"loc":{"start":{"line":89,"column":70},"end":{"line":100,"column":1}},"line":89},"9":{"name":"sanitizeSettings","decl":{"start":{"line":102,"column":9},"end":{"line":102,"column":25}},"loc":{"start":{"line":104,"column":41},"end":{"line":118,"column":1}},"line":104},"10":{"name":"(anonymous_10)","decl":{"start":{"line":109,"column":50},"end":{"line":109,"column":51}},"loc":{"start":{"line":110,"column":4},"end":{"line":110,"column":55}},"line":110},"11":{"name":"normalizeSettlements","decl":{"start":{"line":120,"column":9},"end":{"line":120,"column":29}},"loc":{"start":{"line":120,"column":63},"end":{"line":135,"column":1}},"line":120},"12":{"name":"(anonymous_12)","decl":{"start":{"line":123,"column":6},"end":{"line":123,"column":7}},"loc":{"start":{"line":124,"column":8},"end":{"line":127,"column":76}},"line":124},"13":{"name":"(anonymous_13)","decl":{"start":{"line":129,"column":9},"end":{"line":129,"column":10}},"loc":{"start":{"line":129,"column":18},"end":{"line":133,"column":5}},"line":129},"14":{"name":"(anonymous_14)","decl":{"start":{"line":134,"column":12},"end":{"line":134,"column":13}},"loc":{"start":{"line":134,"column":20},"end":{"line":134,"column":48}},"line":134},"15":{"name":"toSerializableBalances","decl":{"start":{"line":137,"column":9},"end":{"line":137,"column":31}},"loc":{"start":{"line":137,"column":76},"end":{"line":144,"column":1}},"line":137},"16":{"name":"(anonymous_16)","decl":{"start":{"line":138,"column":22},"end":{"line":138,"column":23}},"loc":{"start":{"line":138,"column":34},"end":{"line":143,"column":3}},"line":138},"17":{"name":"getSettlements","decl":{"start":{"line":152,"column":22},"end":{"line":152,"column":36}},"loc":{"start":{"line":155,"column":29},"end":{"line":217,"column":1}},"line":155},"18":{"name":"(anonymous_18)","decl":{"start":{"line":170,"column":44},"end":{"line":170,"column":45}},"loc":{"start":{"line":170,"column":50},"end":{"line":170,"column":68}},"line":170},"19":{"name":"validateSettlements","decl":{"start":{"line":219,"column":16},"end":{"line":219,"column":35}},"loc":{"start":{"line":219,"column":75},"end":{"line":257,"column":1}},"line":219},"20":{"name":"(anonymous_20)","decl":{"start":{"line":230,"column":48},"end":{"line":230,"column":49}},"loc":{"start":{"line":230,"column":53},"end":{"line":230,"column":97}},"line":230},"21":{"name":"(anonymous_21)","decl":{"start":{"line":235,"column":82},"end":{"line":235,"column":83}},"loc":{"start":{"line":235,"column":87},"end":{"line":235,"column":99}},"line":235},"22":{"name":"(anonymous_22)","decl":{"start":{"line":240,"column":43},"end":{"line":240,"column":44}},"loc":{"start":{"line":240,"column":55},"end":{"line":240,"column":74}},"line":240},"23":{"name":"(anonymous_23)","decl":{"start":{"line":241,"column":45},"end":{"line":241,"column":46}},"loc":{"start":{"line":241,"column":57},"end":{"line":241,"column":78}},"line":241}},"branchMap":{"0":{"loc":{"start":{"line":47,"column":9},"end":{"line":47,"column":81}},"type":"binary-expr","locations":[{"start":{"line":47,"column":9},"end":{"line":47,"column":41}},{"start":{"line":47,"column":45},"end":{"line":47,"column":81}}],"line":47},"1":{"loc":{"start":{"line":62,"column":4},"end":{"line":64,"column":5}},"type":"if","locations":[{"start":{"line":62,"column":4},"end":{"line":64,"column":5}},{"start":{},"end":{}}],"line":62},"2":{"loc":{"start":{"line":65,"column":4},"end":{"line":67,"column":5}},"type":"if","locations":[{"start":{"line":65,"column":4},"end":{"line":67,"column":5}},{"start":{},"end":{}}],"line":65},"3":{"loc":{"start":{"line":90,"column":2},"end":{"line":92,"column":3}},"type":"if","locations":[{"start":{"line":90,"column":2},"end":{"line":92,"column":3}},{"start":{},"end":{}}],"line":90},"4":{"loc":{"start":{"line":95,"column":2},"end":{"line":97,"column":3}},"type":"if","locations":[{"start":{"line":95,"column":2},"end":{"line":97,"column":3}},{"start":{},"end":{}}],"line":95},"5":{"loc":{"start":{"line":105,"column":2},"end":{"line":107,"column":3}},"type":"if","locations":[{"start":{"line":105,"column":2},"end":{"line":107,"column":3}},{"start":{},"end":{}}],"line":105},"6":{"loc":{"start":{"line":110,"column":4},"end":{"line":110,"column":55}},"type":"binary-expr","locations":[{"start":{"line":110,"column":4},"end":{"line":110,"column":29}},{"start":{"line":110,"column":33},"end":{"line":110,"column":55}}],"line":110},"7":{"loc":{"start":{"line":113,"column":2},"end":{"line":115,"column":3}},"type":"if","locations":[{"start":{"line":113,"column":2},"end":{"line":115,"column":3}},{"start":{},"end":{}}],"line":113},"8":{"loc":{"start":{"line":124,"column":8},"end":{"line":127,"column":76}},"type":"binary-expr","locations":[{"start":{"line":124,"column":8},"end":{"line":124,"column":21}},{"start":{"line":125,"column":8},"end":{"line":125,"column":37}},{"start":{"line":126,"column":8},"end":{"line":126,"column":35}},{"start":{"line":127,"column":9},"end":{"line":127,"column":40}},{"start":{"line":127,"column":44},"end":{"line":127,"column":75}}],"line":124},"9":{"loc":{"start":{"line":154,"column":2},"end":{"line":154,"column":33}},"type":"default-arg","locations":[{"start":{"line":154,"column":31},"end":{"line":154,"column":33}}],"line":154},"10":{"loc":{"start":{"line":156,"column":25},"end":{"line":156,"column":71}},"type":"cond-expr","locations":[{"start":{"line":156,"column":46},"end":{"line":156,"column":59}},{"start":{"line":156,"column":62},"end":{"line":156,"column":71}}],"line":156},"11":{"loc":{"start":{"line":158,"column":2},"end":{"line":160,"column":3}},"type":"if","locations":[{"start":{"line":158,"column":2},"end":{"line":160,"column":3}},{"start":{},"end":{}}],"line":158},"12":{"loc":{"start":{"line":158,"column":6},"end":{"line":158,"column":49}},"type":"binary-expr","locations":[{"start":{"line":158,"column":6},"end":{"line":158,"column":24}},{"start":{"line":158,"column":28},"end":{"line":158,"column":49}}],"line":158},"13":{"loc":{"start":{"line":163,"column":2},"end":{"line":165,"column":3}},"type":"if","locations":[{"start":{"line":163,"column":2},"end":{"line":165,"column":3}},{"start":{},"end":{}}],"line":163},"14":{"loc":{"start":{"line":167,"column":21},"end":{"line":167,"column":66}},"type":"cond-expr","locations":[{"start":{"line":167,"column":38},"end":{"line":167,"column":42}},{"start":{"line":167,"column":45},"end":{"line":167,"column":66}}],"line":167},"15":{"loc":{"start":{"line":168,"column":17},"end":{"line":168,"column":53}},"type":"binary-expr","locations":[{"start":{"line":168,"column":17},"end":{"line":168,"column":31}},{"start":{"line":168,"column":35},"end":{"line":168,"column":53}}],"line":168},"16":{"loc":{"start":{"line":169,"column":20},"end":{"line":169,"column":59}},"type":"binary-expr","locations":[{"start":{"line":169,"column":20},"end":{"line":169,"column":37}},{"start":{"line":169,"column":41},"end":{"line":169,"column":59}}],"line":169},"17":{"loc":{"start":{"line":170,"column":20},"end":{"line":170,"column":92}},"type":"cond-expr","locations":[{"start":{"line":170,"column":33},"end":{"line":170,"column":80}},{"start":{"line":170,"column":83},"end":{"line":170,"column":92}}],"line":170},"18":{"loc":{"start":{"line":185,"column":4},"end":{"line":187,"column":5}},"type":"if","locations":[{"start":{"line":185,"column":4},"end":{"line":187,"column":5}},{"start":{},"end":{}}],"line":185},"19":{"loc":{"start":{"line":191,"column":4},"end":{"line":193,"column":5}},"type":"if","locations":[{"start":{"line":191,"column":4},"end":{"line":193,"column":5}},{"start":{},"end":{}}],"line":191},"20":{"loc":{"start":{"line":191,"column":8},"end":{"line":191,"column":79}},"type":"binary-expr","locations":[{"start":{"line":191,"column":8},"end":{"line":191,"column":43}},{"start":{"line":191,"column":47},"end":{"line":191,"column":79}}],"line":191},"21":{"loc":{"start":{"line":196,"column":4},"end":{"line":198,"column":5}},"type":"if","locations":[{"start":{"line":196,"column":4},"end":{"line":198,"column":5}},{"start":{},"end":{}}],"line":196},"22":{"loc":{"start":{"line":202,"column":17},"end":{"line":202,"column":65}},"type":"binary-expr","locations":[{"start":{"line":202,"column":17},"end":{"line":202,"column":34}},{"start":{"line":202,"column":38},"end":{"line":202,"column":65}}],"line":202},"23":{"loc":{"start":{"line":204,"column":19},"end":{"line":204,"column":66}},"type":"binary-expr","locations":[{"start":{"line":204,"column":19},"end":{"line":204,"column":38}},{"start":{"line":204,"column":42},"end":{"line":204,"column":66}}],"line":204},"24":{"loc":{"start":{"line":210,"column":20},"end":{"line":210,"column":76}},"type":"cond-expr","locations":[{"start":{"line":210,"column":45},"end":{"line":210,"column":58}},{"start":{"line":210,"column":61},"end":{"line":210,"column":76}}],"line":210},"25":{"loc":{"start":{"line":213,"column":4},"end":{"line":215,"column":5}},"type":"if","locations":[{"start":{"line":213,"column":4},"end":{"line":215,"column":5}},{"start":{},"end":{}}],"line":213},"26":{"loc":{"start":{"line":230,"column":53},"end":{"line":230,"column":97}},"type":"binary-expr","locations":[{"start":{"line":230,"column":53},"end":{"line":230,"column":72}},{"start":{"line":230,"column":76},"end":{"line":230,"column":97}}],"line":230},"27":{"loc":{"start":{"line":231,"column":2},"end":{"line":238,"column":3}},"type":"if","locations":[{"start":{"line":231,"column":2},"end":{"line":238,"column":3}},{"start":{"line":234,"column":9},"end":{"line":238,"column":3}}],"line":231},"28":{"loc":{"start":{"line":231,"column":6},"end":{"line":231,"column":55}},"type":"binary-expr","locations":[{"start":{"line":231,"column":6},"end":{"line":231,"column":30}},{"start":{"line":231,"column":34},"end":{"line":231,"column":55}}],"line":231},"29":{"loc":{"start":{"line":234,"column":9},"end":{"line":238,"column":3}},"type":"if","locations":[{"start":{"line":234,"column":9},"end":{"line":238,"column":3}},{"start":{},"end":{}}],"line":234},"30":{"loc":{"start":{"line":244,"column":2},"end":{"line":250,"column":3}},"type":"if","locations":[{"start":{"line":244,"column":2},"end":{"line":250,"column":3}},{"start":{},"end":{}}],"line":244},"31":{"loc":{"start":{"line":252,"column":2},"end":{"line":254,"column":3}},"type":"if","locations":[{"start":{"line":252,"column":2},"end":{"line":254,"column":3}},{"start":{},"end":{}}],"line":252}},"s":{"0":2,"1":2,"2":14,"3":14,"4":27,"5":12,"6":1,"7":14,"8":27,"9":13,"10":2,"11":14,"12":14,"13":14,"14":14,"15":14,"16":14,"17":14,"18":14,"19":14,"20":14,"21":12,"22":14,"23":13,"24":14,"25":2,"26":2,"27":7,"28":7,"29":5,"30":2,"31":2,"32":1,"33":1,"34":6,"35":6,"36":0,"37":0,"38":0,"39":0,"40":0,"41":2,"42":2,"43":2,"44":2,"45":6,"46":12,"47":9,"48":9,"49":2,"50":7,"51":7,"52":1,"53":6,"54":6,"55":6,"56":6,"57":1,"58":6,"59":6,"60":4,"61":1,"62":3,"63":3,"64":1,"65":2,"66":2,"67":0,"68":2,"69":4,"70":4,"71":4,"72":6,"73":6,"74":7,"75":7,"76":7,"77":11,"78":7,"79":1,"80":1,"81":6,"82":1,"83":1,"84":1,"85":5,"86":9,"87":5,"88":9,"89":5,"90":5,"91":1,"92":5,"93":5,"94":5},"f":{"0":14,"1":27,"2":12,"3":1,"4":27,"5":13,"6":2,"7":7,"8":7,"9":6,"10":0,"11":2,"12":2,"13":2,"14":2,"15":6,"16":12,"17":9,"18":1,"19":7,"20":11,"21":1,"22":9,"23":9},"b":{"0":[28,14],"1":[12,2],"2":[13,1],"3":[5,2],"4":[1,1],"5":[6,0],"6":[0,0],"7":[0,0],"8":[2,2,2,2,0],"9":[2],"10":[1,8],"11":[2,7],"12":[9,8],"13":[1,6],"14":[0,6],"15":[6,6],"16":[6,5],"17":[6,0],"18":[1,3],"19":[1,2],"20":[3,3],"21":[0,2],"22":[2,1],"23":[2,1],"24":[3,1],"25":[6,0],"26":[11,1],"27":[1,6],"28":[7,7],"29":[1,5],"30":[1,4],"31":[5,0]},"_coverageSchema":"1a1c01bbd47fc00a2c39e90264f33305004495a9","hash":"9855f264e162a179a603c38f21b07fadeb32117c"}
,"C:\\Users\\heage\\OneDrive\\Projects\\App\\CashCage\\frontend\\utils\\formatUtils.ts": {"path":"C:\\Users\\heage\\OneDrive\\Projects\\App\\CashCage\\frontend\\utils\\formatUtils.ts","statementMap":{"0":{"start":{"line":10,"column":34},"end":{"line":14,"column":1}},"1":{"start":{"line":11,"column":2},"end":{"line":11,"column":39}},"2":{"start":{"line":11,"column":22},"end":{"line":11,"column":39}},"3":{"start":{"line":12,"column":2},"end":{"line":12,"column":39}},"4":{"start":{"line":12,"column":22},"end":{"line":12,"column":39}},"5":{"start":{"line":13,"column":2},"end":{"line":13,"column":19}},"6":{"start":{"line":22,"column":39},"end":{"line":38,"column":1}},"7":{"start":{"line":23,"column":19},"end":{"line":23,"column":39}},"8":{"start":{"line":27,"column":2},"end":{"line":32,"column":3}},"9":{"start":{"line":28,"column":19},"end":{"line":28,"column":47}},"10":{"start":{"line":29,"column":4},"end":{"line":29,"column":35}},"11":{"start":{"line":31,"column":4},"end":{"line":31,"column":47}},"12":{"start":{"line":35,"column":2},"end":{"line":35,"column":50}},"13":{"start":{"line":35,"column":22},"end":{"line":35,"column":50}},"14":{"start":{"line":36,"column":2},"end":{"line":36,"column":50}},"15":{"start":{"line":36,"column":22},"end":{"line":36,"column":50}},"16":{"start":{"line":37,"column":2},"end":{"line":37,"column":14}}},"fnMap":{"0":{"name":"(anonymous_0)","decl":{"start":{"line":10,"column":34},"end":{"line":10,"column":35}},"loc":{"start":{"line":10,"column":66},"end":{"line":14,"column":1}},"line":10},"1":{"name":"(anonymous_1)","decl":{"start":{"line":22,"column":39},"end":{"line":22,"column":40}},"loc":{"start":{"line":22,"column":71},"end":{"line":38,"column":1}},"line":22}},"branchMap":{"0":{"loc":{"start":{"line":11,"column":2},"end":{"line":11,"column":39}},"type":"if","locations":[{"start":{"line":11,"column":2},"end":{"line":11,"column":39}},{"start":{},"end":{}}],"line":11},"1":{"loc":{"start":{"line":12,"column":2},"end":{"line":12,"column":39}},"type":"if","locations":[{"start":{"line":12,"column":2},"end":{"line":12,"column":39}},{"start":{},"end":{}}],"line":12},"2":{"loc":{"start":{"line":27,"column":2},"end":{"line":32,"column":3}},"type":"if","locations":[{"start":{"line":27,"column":2},"end":{"line":32,"column":3}},{"start":{"line":30,"column":9},"end":{"line":32,"column":3}}],"line":27},"3":{"loc":{"start":{"line":35,"column":2},"end":{"line":35,"column":50}},"type":"if","locations":[{"start":{"line":35,"column":2},"end":{"line":35,"column":50}},{"start":{},"end":{}}],"line":35},"4":{"loc":{"start":{"line":36,"column":2},"end":{"line":36,"column":50}},"type":"if","locations":[{"start":{"line":36,"column":2},"end":{"line":36,"column":50}},{"start":{},"end":{}}],"line":36}},"s":{"0":1,"1":5,"2":2,"3":3,"4":2,"5":1,"6":1,"7":10,"8":10,"9":5,"10":5,"11":5,"12":10,"13":6,"14":4,"15":3,"16":1},"f":{"0":5,"1":10},"b":{"0":[2,3],"1":[2,1],"2":[5,5],"3":[6,4],"4":[3,1]},"_coverageSchema":"1a1c01bbd47fc00a2c39e90264f33305004495a9","hash":"f8acb74f530e182177af6067a9812006299dc597"}
,"C:\\Users\\heage\\OneDrive\\Projects\\App\\CashCage\\frontend\\utils\\hashUtils.ts": {"path":"C:\\Users\\heage\\OneDrive\\Projects\\App\\CashCage\\frontend\\utils\\hashUtils.ts","statementMap":{"0":{"start":{"line":8,"column":13},"end":{"line":8,"column":17}},"1":{"start":{"line":9,"column":2},"end":{"line":11,"column":3}},"2":{"start":{"line":9,"column":15},"end":{"line":9,"column":16}},"3":{"start":{"line":10,"column":4},"end":{"line":10,"column":52}},"4":{"start":{"line":12,"column":2},"end":{"line":12,"column":35}},"5":{"start":{"line":20,"column":2},"end":{"line":20,"column":43}},"6":{"start":{"line":20,"column":33},"end":{"line":20,"column":43}},"7":{"start":{"line":23,"column":17},"end":{"line":25,"column":3}},"8":{"start":{"line":24,"column":4},"end":{"line":24,"column":69}},"9":{"start":{"line":28,"column":18},"end":{"line":30,"column":13}},"10":{"start":{"line":29,"column":4},"end":{"line":29,"column":76}},"11":{"start":{"line":32,"column":2},"end":{"line":32,"column":29}},"12":{"start":{"line":42,"column":2},"end":{"line":42,"column":32}},"13":{"start":{"line":42,"column":19},"end":{"line":42,"column":32}},"14":{"start":{"line":43,"column":2},"end":{"line":43,"column":62}}},"fnMap":{"0":{"name":"simpleHash","decl":{"start":{"line":7,"column":9},"end":{"line":7,"column":19}},"loc":{"start":{"line":7,"column":41},"end":{"line":13,"column":1}},"line":7},"1":{"name":"hashTransactions","decl":{"start":{"line":19,"column":16},"end":{"line":19,"column":32}},"loc":{"start":{"line":19,"column":70},"end":{"line":33,"column":1}},"line":19},"2":{"name":"(anonymous_2)","decl":{"start":{"line":23,"column":40},"end":{"line":23,"column":41}},"loc":{"start":{"line":24,"column":4},"end":{"line":24,"column":69}},"line":24},"3":{"name":"(anonymous_3)","decl":{"start":{"line":28,"column":29},"end":{"line":28,"column":30}},"loc":{"start":{"line":29,"column":4},"end":{"line":29,"column":76}},"line":29},"4":{"name":"isSettlementCacheValid","decl":{"start":{"line":38,"column":16},"end":{"line":38,"column":38}},"loc":{"start":{"line":41,"column":11},"end":{"line":44,"column":1}},"line":41}},"branchMap":{"0":{"loc":{"start":{"line":20,"column":2},"end":{"line":20,"column":43}},"type":"if","locations":[{"start":{"line":20,"column":2},"end":{"line":20,"column":43}},{"start":{},"end":{}}],"line":20},"1":{"loc":{"start":{"line":42,"column":2},"end":{"line":42,"column":32}},"type":"if","locations":[{"start":{"line":42,"column":2},"end":{"line":42,"column":32}},{"start":{},"end":{}}],"line":42}},"s":{"0":18,"1":18,"2":18,"3":790,"4":18,"5":20,"6":2,"7":18,"8":5,"9":18,"10":23,"11":18,"12":5,"13":2,"14":3},"f":{"0":18,"1":20,"2":5,"3":23,"4":5},"b":{"0":[2,18],"1":[2,3]},"_coverageSchema":"1a1c01bbd47fc00a2c39e90264f33305004495a9","hash":"1fdc40e849c307f62c5f43f89f979d2075270672"}
,"C:\\Users\\heage\\OneDrive\\Projects\\App\\CashCage\\frontend\\utils\\settlementUtils.ts": {"path":"C:\\Users\\heage\\OneDrive\\Projects\\App\\CashCage\\frontend\\utils\\settlementUtils.ts","statementMap":{"0":{"start":{"line":16,"column":18},"end":{"line":28,"column":8}},"1":{"start":{"line":17,"column":33},"end":{"line":17,"column":43}},"2":{"start":{"line":18,"column":4},"end":{"line":24,"column":5}},"3":{"start":{"line":19,"column":6},"end":{"line":23,"column":8}},"4":{"start":{"line":25,"column":4},"end":{"line":25,"column":34}},"5":{"start":{"line":26,"column":4},"end":{"line":26,"column":44}},"6":{"start":{"line":27,"column":4},"end":{"line":27,"column":15}},"7":{"start":{"line":31,"column":2},"end":{"line":33,"column":4}},"8":{"start":{"line":32,"column":4},"end":{"line":32,"column":42}},"9":{"start":{"line":42,"column":2},"end":{"line":45,"column":4}},"10":{"start":{"line":44,"column":61},"end":{"line":44,"column":80}}},"fnMap":{"0":{"name":"groupSettlementsByRecipient","decl":{"start":{"line":12,"column":16},"end":{"line":12,"column":43}},"loc":{"start":{"line":14,"column":23},"end":{"line":34,"column":1}},"line":14},"1":{"name":"(anonymous_1)","decl":{"start":{"line":16,"column":72},"end":{"line":16,"column":73}},"loc":{"start":{"line":16,"column":93},"end":{"line":28,"column":3}},"line":16},"2":{"name":"(anonymous_2)","decl":{"start":{"line":31,"column":37},"end":{"line":31,"column":38}},"loc":{"start":{"line":32,"column":4},"end":{"line":32,"column":42}},"line":32},"3":{"name":"sortPaymentsByAmount","decl":{"start":{"line":39,"column":16},"end":{"line":39,"column":36}},"loc":{"start":{"line":41,"column":21},"end":{"line":46,"column":1}},"line":41},"4":{"name":"(anonymous_4)","decl":{"start":{"line":44,"column":51},"end":{"line":44,"column":52}},"loc":{"start":{"line":44,"column":61},"end":{"line":44,"column":80}},"line":44}},"branchMap":{"0":{"loc":{"start":{"line":18,"column":4},"end":{"line":24,"column":5}},"type":"if","locations":[{"start":{"line":18,"column":4},"end":{"line":24,"column":5}},{"start":{},"end":{}}],"line":18}},"s":{"0":5,"1":8,"2":8,"3":7,"4":8,"5":8,"6":8,"7":5,"8":5,"9":4,"10":5},"f":{"0":5,"1":8,"2":5,"3":4,"4":5},"b":{"0":[7,1]},"_coverageSchema":"1a1c01bbd47fc00a2c39e90264f33305004495a9","hash":"cae4519ee710c96e069ff23b9faa08982ba86e06"}
,"C:\\Users\\heage\\OneDrive\\Projects\\App\\CashCage\\frontend\\utils\\validationUtils.ts": {"path":"C:\\Users\\heage\\OneDrive\\Projects\\App\\CashCage\\frontend\\utils\\validationUtils.ts","statementMap":{"0":{"start":{"line":8,"column":18},"end":{"line":8,"column":30}},"1":{"start":{"line":11,"column":2},"end":{"line":11,"column":35}},"2":{"start":{"line":11,"column":22},"end":{"line":11,"column":35}},"3":{"start":{"line":15,"column":25},"end":{"line":15,"column":38}},"4":{"start":{"line":17,"column":2},"end":{"line":17,"column":38}}},"fnMap":{"0":{"name":"isValidNumericInput","decl":{"start":{"line":6,"column":16},"end":{"line":6,"column":35}},"loc":{"start":{"line":6,"column":60},"end":{"line":18,"column":1}},"line":6}},"branchMap":{"0":{"loc":{"start":{"line":11,"column":2},"end":{"line":11,"column":35}},"type":"if","locations":[{"start":{"line":11,"column":2},"end":{"line":11,"column":35}},{"start":{},"end":{}}],"line":11}},"s":{"0":20,"1":20,"2":2,"3":18,"4":18},"f":{"0":20},"b":{"0":[2,18]},"_coverageSchema":"1a1c01bbd47fc00a2c39e90264f33305004495a9","hash":"1d64b775f7df422ccff7368819e492f94f57a30d"}
}
