TN:
SF:services\gameService.ts
FN:15,(anonymous_0)
FN:18,(anonymous_1)
FN:28,(anonymous_2)
FN:44,(anonymous_3)
FN:47,(anonymous_4)
FN:63,(anonymous_5)
FN:81,(anonymous_6)
FN:93,(anonymous_7)
FN:115,(anonymous_8)
FN:127,(anonymous_9)
FN:134,(anonymous_10)
FN:138,(anonymous_11)
FN:146,(anonymous_12)
FN:152,(anonymous_13)
FN:162,(anonymous_14)
FN:168,(anonymous_15)
FN:179,(anonymous_16)
FN:180,(anonymous_17)
FN:186,(anonymous_18)
FN:190,(anonymous_19)
FN:195,(anonymous_20)
FN:211,(anonymous_21)
FN:220,(anonymous_22)
FN:237,(anonymous_23)
FNF:24
FNH:24
FNDA:6,(anonymous_0)
FNDA:8,(anonymous_1)
FNDA:12,(anonymous_2)
FNDA:1,(anonymous_3)
FNDA:2,(anonymous_4)
FNDA:21,(anonymous_5)
FNDA:5,(anonymous_6)
FNDA:5,(anonymous_7)
FNDA:33,(anonymous_8)
FNDA:4,(anonymous_9)
FNDA:5,(anonymous_10)
FNDA:2,(anonymous_11)
FNDA:4,(anonymous_12)
FNDA:4,(anonymous_13)
FNDA:2,(anonymous_14)
FNDA:2,(anonymous_15)
FNDA:3,(anonymous_16)
FNDA:3,(anonymous_17)
FNDA:1,(anonymous_18)
FNDA:2,(anonymous_19)
FNDA:5,(anonymous_20)
FNDA:2,(anonymous_21)
FNDA:4,(anonymous_22)
FNDA:5,(anonymous_23)
DA:16,6
DA:18,6
DA:19,8
DA:28,6
DA:29,12
DA:30,12
DA:31,11
DA:32,6
DA:33,6
DA:35,5
DA:36,5
DA:41,6
DA:45,1
DA:46,1
DA:47,2
DA:48,1
DA:54,1
DA:69,21
DA:77,21
DA:78,21
DA:88,5
DA:89,1
DA:92,5
DA:93,5
DA:96,5
DA:97,5
DA:99,5
DA:100,2
DA:103,3
DA:111,3
DA:112,3
DA:116,33
DA:123,33
DA:124,33
DA:129,4
DA:130,1
DA:134,5
DA:137,4
DA:138,2
DA:148,4
DA:149,1
DA:152,4
DA:153,4
DA:154,3
DA:164,2
DA:165,1
DA:168,2
DA:169,2
DA:170,2
DA:180,3
DA:181,3
DA:182,2
DA:187,1
DA:191,2
DA:192,2
DA:196,5
DA:212,2
DA:213,2
DA:221,4
DA:222,2
DA:225,2
DA:226,2
DA:227,1
DA:228,1
DA:231,1
DA:238,5
DA:239,5
LF:67
LH:67
BRDA:30,0,0,11
BRDA:30,0,1,1
BRDA:31,1,0,6
BRDA:31,1,1,5
BRDA:88,2,0,1
BRDA:88,2,1,4
BRDA:93,3,0,5
BRDA:93,3,1,4
BRDA:99,4,0,2
BRDA:99,4,1,3
BRDA:129,5,0,1
BRDA:129,5,1,3
BRDA:148,6,0,1
BRDA:148,6,1,3
BRDA:153,7,0,3
BRDA:153,7,1,1
BRDA:164,8,0,1
BRDA:164,8,1,1
BRDA:169,9,0,2
BRDA:169,9,1,0
BRDA:181,10,0,2
BRDA:181,10,1,1
BRDA:221,11,0,2
BRDA:221,11,1,2
BRDA:221,12,0,4
BRDA:221,12,1,3
BRDA:226,13,0,1
BRDA:226,13,1,1
BRF:28
BRH:27
end_of_record
TN:
SF:services\settlementService.ts
FN:33,calculateOptimalSettlements
FN:36,(anonymous_1)
FN:37,(anonymous_2)
FN:38,(anonymous_3)
FN:40,(anonymous_4)
FN:41,(anonymous_5)
FN:42,(anonymous_6)
FN:76,createLocalSettlementResult
FN:89,resolveEndpoint
FN:102,sanitizeSettings
FN:109,(anonymous_10)
FN:120,normalizeSettlements
FN:123,(anonymous_12)
FN:129,(anonymous_13)
FN:134,(anonymous_14)
FN:137,toSerializableBalances
FN:138,(anonymous_16)
FN:152,getSettlements
FN:170,(anonymous_18)
FN:219,validateSettlements
FN:230,(anonymous_20)
FN:235,(anonymous_21)
FN:240,(anonymous_22)
FN:241,(anonymous_23)
FNF:24
FNH:23
FNDA:14,calculateOptimalSettlements
FNDA:27,(anonymous_1)
FNDA:12,(anonymous_2)
FNDA:1,(anonymous_3)
FNDA:27,(anonymous_4)
FNDA:13,(anonymous_5)
FNDA:2,(anonymous_6)
FNDA:7,createLocalSettlementResult
FNDA:7,resolveEndpoint
FNDA:6,sanitizeSettings
FNDA:0,(anonymous_10)
FNDA:2,normalizeSettlements
FNDA:2,(anonymous_12)
FNDA:2,(anonymous_13)
FNDA:2,(anonymous_14)
FNDA:6,toSerializableBalances
FNDA:12,(anonymous_16)
FNDA:9,getSettlements
FNDA:1,(anonymous_18)
FNDA:7,validateSettlements
FNDA:11,(anonymous_20)
FNDA:1,(anonymous_21)
FNDA:9,(anonymous_22)
FNDA:9,(anonymous_23)
DA:9,2
DA:10,2
DA:34,14
DA:36,27
DA:37,12
DA:38,1
DA:40,27
DA:41,13
DA:42,2
DA:44,14
DA:45,14
DA:47,14
DA:48,14
DA:49,14
DA:51,14
DA:53,14
DA:59,14
DA:60,14
DA:62,14
DA:63,12
DA:65,14
DA:66,13
DA:70,14
DA:73,2
DA:74,2
DA:80,7
DA:90,7
DA:91,5
DA:94,2
DA:95,2
DA:96,1
DA:99,1
DA:105,6
DA:106,6
DA:109,0
DA:110,0
DA:113,0
DA:114,0
DA:117,0
DA:121,2
DA:124,2
DA:129,2
DA:134,2
DA:138,12
DA:156,9
DA:158,9
DA:159,2
DA:162,7
DA:163,7
DA:164,1
DA:167,6
DA:168,6
DA:169,6
DA:170,6
DA:172,6
DA:173,6
DA:185,4
DA:186,1
DA:189,3
DA:191,3
DA:192,1
DA:195,2
DA:196,2
DA:197,0
DA:200,2
DA:209,4
DA:210,4
DA:211,4
DA:213,6
DA:214,6
DA:220,7
DA:221,7
DA:230,11
DA:231,7
DA:232,1
DA:233,1
DA:234,6
DA:235,1
DA:237,1
DA:240,9
DA:241,9
DA:242,5
DA:244,5
DA:245,1
DA:252,5
DA:253,5
DA:256,5
LF:87
LH:81
BRDA:47,0,0,28
BRDA:47,0,1,14
BRDA:62,1,0,12
BRDA:62,1,1,2
BRDA:65,2,0,13
BRDA:65,2,1,1
BRDA:90,3,0,5
BRDA:90,3,1,2
BRDA:95,4,0,1
BRDA:95,4,1,1
BRDA:105,5,0,6
BRDA:105,5,1,0
BRDA:110,6,0,0
BRDA:110,6,1,0
BRDA:113,7,0,0
BRDA:113,7,1,0
BRDA:124,8,0,2
BRDA:124,8,1,2
BRDA:124,8,2,2
BRDA:124,8,3,2
BRDA:124,8,4,0
BRDA:154,9,0,2
BRDA:156,10,0,1
BRDA:156,10,1,8
BRDA:158,11,0,2
BRDA:158,11,1,7
BRDA:158,12,0,9
BRDA:158,12,1,8
BRDA:163,13,0,1
BRDA:163,13,1,6
BRDA:167,14,0,0
BRDA:167,14,1,6
BRDA:168,15,0,6
BRDA:168,15,1,6
BRDA:169,16,0,6
BRDA:169,16,1,5
BRDA:170,17,0,6
BRDA:170,17,1,0
BRDA:185,18,0,1
BRDA:185,18,1,3
BRDA:191,19,0,1
BRDA:191,19,1,2
BRDA:191,20,0,3
BRDA:191,20,1,3
BRDA:196,21,0,0
BRDA:196,21,1,2
BRDA:202,22,0,2
BRDA:202,22,1,1
BRDA:204,23,0,2
BRDA:204,23,1,1
BRDA:210,24,0,3
BRDA:210,24,1,1
BRDA:213,25,0,6
BRDA:213,25,1,0
BRDA:230,26,0,11
BRDA:230,26,1,1
BRDA:231,27,0,1
BRDA:231,27,1,6
BRDA:231,28,0,7
BRDA:231,28,1,7
BRDA:234,29,0,1
BRDA:234,29,1,5
BRDA:244,30,0,1
BRDA:244,30,1,4
BRDA:252,31,0,5
BRDA:252,31,1,0
BRF:66
BRH:55
end_of_record
TN:
SF:utils\formatUtils.ts
FN:10,(anonymous_0)
FN:22,(anonymous_1)
FNF:2
FNH:2
FNDA:5,(anonymous_0)
FNDA:10,(anonymous_1)
DA:10,1
DA:11,5
DA:12,3
DA:13,1
DA:22,1
DA:23,10
DA:27,10
DA:28,5
DA:29,5
DA:31,5
DA:35,10
DA:36,4
DA:37,1
LF:13
LH:13
BRDA:11,0,0,2
BRDA:11,0,1,3
BRDA:12,1,0,2
BRDA:12,1,1,1
BRDA:27,2,0,5
BRDA:27,2,1,5
BRDA:35,3,0,6
BRDA:35,3,1,4
BRDA:36,4,0,3
BRDA:36,4,1,1
BRF:10
BRH:10
end_of_record
TN:
SF:utils\hashUtils.ts
FN:7,simpleHash
FN:19,hashTransactions
FN:23,(anonymous_2)
FN:28,(anonymous_3)
FN:38,isSettlementCacheValid
FNF:5
FNH:5
FNDA:18,simpleHash
FNDA:20,hashTransactions
FNDA:5,(anonymous_2)
FNDA:23,(anonymous_3)
FNDA:5,isSettlementCacheValid
DA:8,18
DA:9,18
DA:10,790
DA:12,18
DA:20,20
DA:23,18
DA:24,5
DA:28,18
DA:29,23
DA:32,18
DA:42,5
DA:43,3
LF:12
LH:12
BRDA:20,0,0,2
BRDA:20,0,1,18
BRDA:42,1,0,2
BRDA:42,1,1,3
BRF:4
BRH:4
end_of_record
TN:
SF:utils\settlementUtils.ts
FN:12,groupSettlementsByRecipient
FN:16,(anonymous_1)
FN:31,(anonymous_2)
FN:39,sortPaymentsByAmount
FN:44,(anonymous_4)
FNF:5
FNH:5
FNDA:5,groupSettlementsByRecipient
FNDA:8,(anonymous_1)
FNDA:5,(anonymous_2)
FNDA:4,sortPaymentsByAmount
FNDA:5,(anonymous_4)
DA:16,5
DA:17,8
DA:18,8
DA:19,7
DA:25,8
DA:26,8
DA:27,8
DA:31,5
DA:32,5
DA:42,4
DA:44,5
LF:11
LH:11
BRDA:18,0,0,7
BRDA:18,0,1,1
BRF:2
BRH:2
end_of_record
TN:
SF:utils\validationUtils.ts
FN:6,isValidNumericInput
FNF:1
FNH:1
FNDA:20,isValidNumericInput
DA:8,20
DA:11,20
DA:15,18
DA:17,18
LF:4
LH:4
BRDA:11,0,0,2
BRDA:11,0,1,18
BRF:2
BRH:2
end_of_record
